[00:30:14] [main/INFO] [FML/]: Forge Mod Loader version 7.10.18.1180 for Minecraft 1.7.10 loading
[00:30:14] [main/INFO] [FML/]: Java is Java HotSpot(TM) 64-Bit Server VM, version 1.7.0_04, running on Windows 7:amd64:6.1, installed at C:\Program Files\Java\jre7
[00:30:14] [main/DEBUG] [FML/]: Java classpath at launch is C:\Users\Exevan\Projects\Minecraft\1.7\Minecraft-Mod-01\bin;C:\Users\Exevan\.gradle\caches\minecraft\net\minecraftforge\forge\1.7.10-10.13.0.1180\forgeSrc-1.7.10-10.13.0.1180.jar;C:\Users\Exevan\.gradle\caches\modules-2\files-2.1\net.minecraft\launchwrapper\1.9\116f2aad5b0c68353ebed66cd463517db6522f7e\launchwrapper-1.9.jar;C:\Users\Exevan\.gradle\caches\modules-2\files-2.1\org.ow2.asm\asm-debug-all\4.1\dd6ba5c392d4102458494e29f54f70ac534ec2a2\asm-debug-all-4.1.jar;C:\Users\Exevan\.gradle\caches\modules-2\files-2.1\com.typesafe.akka\akka-actor_2.11\2.3.3\ed62e9fc709ca0f2ff1a3220daa8b70a2870078e\akka-actor_2.11-2.3.3.jar;C:\Users\Exevan\.gradle\caches\modules-2\files-2.1\com.typesafe\config\1.2.1\f771f71fdae3df231bcd54d5ca2d57f0bf93f467\config-1.2.1.jar;C:\Users\Exevan\.gradle\caches\modules-2\files-2.1\org.scala-lang\scala-actors-migration_2.11\1.1.0\dfa8bc42b181d5b9f1a5dd147f8ae308b893eb6f\scala-actors-migration_2.11-1.1.0.jar;C:\Users\Exevan\.gradle\caches\modules-2\files-2.1\org.scala-lang\scala-compiler\2.11.1\56ea2e6c025e0821f28d73ca271218b8dd04926a\scala-compiler-2.11.1.jar;C:\Users\Exevan\.gradle\caches\modules-2\files-2.1\org.scala-lang.plugins\scala-continuations-library_2.11\1.0.2\e517c53a7e9acd6b1668c5a35eccbaa3bab9aac\scala-continuations-library_2.11-1.0.2.jar;C:\Users\Exevan\.gradle\caches\modules-2\files-2.1\org.scala-lang.plugins\scala-continuations-plugin_2.11.1\1.0.2\f361a3283452c57fa30c1ee69448995de23c60f7\scala-continuations-plugin_2.11.1-1.0.2.jar;C:\Users\Exevan\.gradle\caches\modules-2\files-2.1\org.scala-lang\scala-library\2.11.1\e11da23da3eabab9f4777b9220e60d44c1aab6a\scala-library-2.11.1.jar;C:\Users\Exevan\.gradle\caches\modules-2\files-2.1\org.scala-lang\scala-parser-combinators_2.11\1.0.1\f05d7345bf5a58924f2837c6c1f4d73a938e1ff0\scala-parser-combinators_2.11-1.0.1.jar;C:\Users\Exevan\.gradle\caches\modules-2\files-2.1\org.scala-lang\scala-reflect\2.11.1\6580347e61cc7f8e802941e7fde40fa83b8badeb\scala-reflect-2.11.1.jar;C:\Users\Exevan\.gradle\caches\modules-2\files-2.1\org.scala-lang\scala-swing_2.11\1.0.1\b1cdd92bd47b1e1837139c1c53020e86bb9112ae\scala-swing_2.11-1.0.1.jar;C:\Users\Exevan\.gradle\caches\modules-2\files-2.1\org.scala-lang\scala-xml_2.11\1.0.2\7a80ec00aec122fba7cd4e0d4cdd87ff7e4cb6d0\scala-xml_2.11-1.0.2.jar;C:\Users\Exevan\.gradle\caches\modules-2\files-2.1\net.sf.jopt-simple\jopt-simple\4.5\6065cc95c661255349c1d0756657be17c29a4fd3\jopt-simple-4.5.jar;C:\Users\Exevan\.gradle\caches\modules-2\files-2.1\lzma\lzma\0.0.1\521616dc7487b42bef0e803bd2fa3faf668101d7\lzma-0.0.1.jar;C:\Users\Exevan\.gradle\caches\modules-2\files-2.1\com.mojang\realms\1.3.1\f78f5a841b1cf9d50c3382acdbeb7d3078e454d6\realms-1.3.1.jar;C:\Users\Exevan\.gradle\caches\modules-2\files-2.1\org.apache.commons\commons-compress\1.8.1\a698750c16740fd5b3871425f4cb3bbaa87f529d\commons-compress-1.8.1.jar;C:\Users\Exevan\.gradle\caches\modules-2\files-2.1\org.apache.httpcomponents\httpclient\4.3.3\18f4247ff4572a074444572cee34647c43e7c9c7\httpclient-4.3.3.jar;C:\Users\Exevan\.gradle\caches\modules-2\files-2.1\commons-logging\commons-logging\1.1.3\f6f66e966c70a83ffbdb6f17a0919eaf7c8aca7f\commons-logging-1.1.3.jar;C:\Users\Exevan\.gradle\caches\modules-2\files-2.1\org.apache.httpcomponents\httpcore\4.3.2\31fbbff1ddbf98f3aa7377c94d33b0447c646b6e\httpcore-4.3.2.jar;C:\Users\Exevan\.gradle\caches\modules-2\files-2.1\java3d\vecmath\1.3.1\a0ae4f51da409fa0c20fa0ca59e6bbc9413ae71d\vecmath-1.3.1.jar;C:\Users\Exevan\.gradle\caches\modules-2\files-2.1\net.sf.trove4j\trove4j\3.0.3\42ccaf4761f0dfdfa805c9e340d99a755907e2dd\trove4j-3.0.3.jar;C:\Users\Exevan\.gradle\caches\modules-2\files-2.1\com.ibm.icu\icu4j-core-mojang\51.2\63d216a9311cca6be337c1e458e587f99d382b84\icu4j-core-mojang-51.2.jar;C:\Users\Exevan\.gradle\caches\modules-2\files-2.1\com.paulscode\codecjorbis\20101023\c73b5636faf089d9f00e8732a829577de25237ee\codecjorbis-20101023.jar;C:\Users\Exevan\.gradle\caches\modules-2\files-2.1\com.paulscode\codecwav\20101023\12f031cfe88fef5c1dd36c563c0a3a69bd7261da\codecwav-20101023.jar;C:\Users\Exevan\.gradle\caches\modules-2\files-2.1\com.paulscode\libraryjavasound\20101123\5c5e304366f75f9eaa2e8cca546a1fb6109348b3\libraryjavasound-20101123.jar;C:\Users\Exevan\.gradle\caches\modules-2\files-2.1\com.paulscode\librarylwjglopenal\20100824\73e80d0794c39665aec3f62eee88ca91676674ef\librarylwjglopenal-20100824.jar;C:\Users\Exevan\.gradle\caches\modules-2\files-2.1\com.paulscode\soundsystem\20120107\419c05fe9be71f792b2d76cfc9b67f1ed0fec7f6\soundsystem-20120107.jar;C:\Users\Exevan\.gradle\caches\modules-2\files-2.1\io.netty\netty-all\4.0.10.Final\9e50bd52ffe257a0e2cd8d971688d6ce7d174325\netty-all-4.0.10.Final.jar;C:\Users\Exevan\.gradle\caches\modules-2\files-2.1\commons-io\commons-io\2.4\b1b6ea3b7e4aa4f492509a4952029cd8e48019ad\commons-io-2.4.jar;C:\Users\Exevan\.gradle\caches\modules-2\files-2.1\commons-codec\commons-codec\1.9\9ce04e34240f674bc72680f8b843b1457383161a\commons-codec-1.9.jar;C:\Users\Exevan\.gradle\caches\modules-2\files-2.1\net.java.jinput\jinput\2.0.5\39c7796b469a600f72380316f6b1f11db6c2c7c4\jinput-2.0.5.jar;C:\Users\Exevan\.gradle\caches\modules-2\files-2.1\net.java.jutils\jutils\1.0.0\e12fe1fda814bd348c1579329c86943d2cd3c6a6\jutils-1.0.0.jar;C:\Users\Exevan\.gradle\caches\modules-2\files-2.1\com.google.code.gson\gson\2.2.4\a60a5e993c98c864010053cb901b7eab25306568\gson-2.2.4.jar;C:\Users\Exevan\.gradle\caches\modules-2\files-2.1\com.mojang\authlib\1.5.16\ef1582b11fd0943d069cdcb72e99008ac209a283\authlib-1.5.16.jar;C:\Users\Exevan\.gradle\caches\modules-2\files-2.1\org.apache.logging.log4j\log4j-api\2.0-beta9\1dd66e68cccd907880229f9e2de1314bd13ff785\log4j-api-2.0-beta9.jar;C:\Users\Exevan\.gradle\caches\modules-2\files-2.1\org.apache.logging.log4j\log4j-core\2.0-beta9\678861ba1b2e1fccb594bb0ca03114bb05da9695\log4j-core-2.0-beta9.jar;C:\Users\Exevan\.gradle\caches\modules-2\files-2.1\org.lwjgl.lwjgl\lwjgl\2.9.1\f58c5aabcef0e41718a564be9f8e412fff8db847\lwjgl-2.9.1.jar;C:\Users\Exevan\.gradle\caches\modules-2\files-2.1\org.lwjgl.lwjgl\lwjgl_util\2.9.1\290d7ba8a1bd9566f5ddf16ad06f09af5ec9b20e\lwjgl_util-2.9.1.jar;C:\Users\Exevan\.gradle\caches\modules-2\files-2.1\tv.twitch\twitch\5.16\1f55f009c61637c10c0acfb8b5ffc600f30044b4\twitch-5.16.jar;C:\Users\Exevan\.gradle\caches\modules-2\files-2.1\com.google.guava\guava\17.0\9c6ef172e8de35fd8d4d8783e4821e57cdef7445\guava-17.0.jar;C:\Users\Exevan\.gradle\caches\modules-2\files-2.1\org.apache.commons\commons-lang3\3.3.2\90a3822c38ec8c996e84c16a3477ef632cbc87a3\commons-lang3-3.3.2.jar;C:\Users\Exevan\.gradle\caches\modules-2\files-2.1\org.lwjgl.lwjgl\lwjgl-platform\2.9.1\aa9aae879af8eb378e22cfc64db56ec2ca9a44d1\lwjgl-platform-2.9.1-natives-linux.jar;C:\Users\Exevan\.gradle\caches\modules-2\files-2.1\org.lwjgl.lwjgl\lwjgl-platform\2.9.1\2d12c83fdfbc04ecabf02c7bc8cc54d034f0daac\lwjgl-platform-2.9.1-natives-osx.jar;C:\Users\Exevan\.gradle\caches\modules-2\files-2.1\org.lwjgl.lwjgl\lwjgl-platform\2.9.1\4c517eca808522457dd95ee8fc1fbcdbb602efbe\lwjgl-platform-2.9.1-natives-windows.jar;C:\Users\Exevan\.gradle\caches\modules-2\files-2.1\net.java.jinput\jinput-platform\2.0.5\7ff832a6eb9ab6a767f1ade2b548092d0fa64795\jinput-platform-2.0.5-natives-linux.jar;C:\Users\Exevan\.gradle\caches\modules-2\files-2.1\net.java.jinput\jinput-platform\2.0.5\53f9c919f34d2ca9de8c51fc4e1e8282029a9232\jinput-platform-2.0.5-natives-osx.jar;C:\Users\Exevan\.gradle\caches\modules-2\files-2.1\net.java.jinput\jinput-platform\2.0.5\385ee093e01f587f30ee1c8a2ee7d408fd732e16\jinput-platform-2.0.5-natives-windows.jar;C:\Users\Exevan\.gradle\caches\modules-2\files-2.1\org.scala-lang\scala-actors\2.11.0\8ccfb6541de179bb1c4d45cf414acee069b7f78b\scala-actors-2.11.0.jar;C:\Users\Exevan\.gradle\caches\modules-2\files-2.1\org.scala-lang.modules\scala-xml_2.11\1.0.2\820fbca7e524b530fdadc594c39d49a21ea0337e\scala-xml_2.11-1.0.2.jar;C:\Users\Exevan\.gradle\caches\modules-2\files-2.1\org.scala-lang.modules\scala-parser-combinators_2.11\1.0.1\f05d7345bf5a58924f2837c6c1f4d73a938e1ff0\scala-parser-combinators_2.11-1.0.1.jar;C:\Users\Exevan\.gradle\caches\modules-2\files-2.1\tv.twitch\twitch-platform\5.16\62503ee712766cf77f97252e5902786fd834b8c5\twitch-platform-5.16-natives-osx.jar;C:\Users\Exevan\.gradle\caches\modules-2\files-2.1\tv.twitch\twitch-platform\5.16\7c6affe439099806a4f552da14c42f9d643d8b23\twitch-platform-5.16-natives-windows-32.jar;C:\Users\Exevan\.gradle\caches\modules-2\files-2.1\tv.twitch\twitch-platform\5.16\39d0c3d363735b4785598e0e7fbf8297c706a9f9\twitch-platform-5.16-natives-windows-64.jar;C:\Users\Exevan\.gradle\caches\modules-2\files-2.1\tv.twitch\twitch-external-platform\4.5\18215140f010c05b9f86ef6f0f8871954d2ccebf\twitch-external-platform-4.5-natives-windows-32.jar;C:\Users\Exevan\.gradle\caches\modules-2\files-2.1\tv.twitch\twitch-external-platform\4.5\c3cde57891b935d41b6680a9c5e1502eeab76d86\twitch-external-platform-4.5-natives-windows-64.jar;C:\Users\Exevan\.gradle\caches\minecraft\net\minecraftforge\forge\1.7.10-10.13.0.1180\start
[00:30:14] [main/DEBUG] [FML/]: Java library path at launch is C:\Users\Exevan\Projects\Minecraft\1.7\Minecraft-Mod-01\build\natives;C:\Users\Exevan\Projects\Minecraft\1.7\Minecraft-Mod-01\build\natives;C:\Users\Exevan\Projects\Minecraft\1.7\Minecraft-Mod-01\build\natives;C:\Users\Exevan\Projects\Minecraft\1.7\Minecraft-Mod-01\build\natives;C:\Users\Exevan\Projects\Minecraft\1.7\Minecraft-Mod-01\build\natives;C:\Users\Exevan\Projects\Minecraft\1.7\Minecraft-Mod-01\build\natives;C:\Users\Exevan\Projects\Minecraft\1.7\Minecraft-Mod-01\build\natives;C:\Users\Exevan\Projects\Minecraft\1.7\Minecraft-Mod-01\build\natives;C:\Users\Exevan\Projects\Minecraft\1.7\Minecraft-Mod-01\build\natives;C:\Users\Exevan\Projects\Minecraft\1.7\Minecraft-Mod-01\build\natives
[00:30:14] [main/INFO] [FML/]: Managed to load a deobfuscated Minecraft name- we are in a deobfuscated environment. Skipping runtime deobfuscation
[00:30:14] [main/DEBUG] [FML/]: Instantiating coremod class FMLCorePlugin
[00:30:14] [main/DEBUG] [FML/]: Added access transformer class cpw.mods.fml.common.asm.transformers.AccessTransformer to enqueued access transformers
[00:30:14] [main/DEBUG] [FML/]: Enqueued coremod FMLCorePlugin
[00:30:14] [main/DEBUG] [FML/]: Instantiating coremod class FMLForgePlugin
[00:30:14] [main/DEBUG] [FML/]: Added access transformer class net.minecraftforge.transformers.ForgeAccessTransformer to enqueued access transformers
[00:30:14] [main/DEBUG] [FML/]: Enqueued coremod FMLForgePlugin
[00:30:14] [main/DEBUG] [FML/]: All fundamental core mods are successfully located
[00:30:14] [main/DEBUG] [FML/]: Discovering coremods
[00:30:14] [main/INFO] [LaunchWrapper/]: Loading tweak class name cpw.mods.fml.common.launcher.FMLInjectionAndSortingTweaker
[00:30:14] [main/INFO] [LaunchWrapper/]: Loading tweak class name cpw.mods.fml.common.launcher.FMLDeobfTweaker
[00:30:14] [main/INFO] [LaunchWrapper/]: Calling tweak class cpw.mods.fml.common.launcher.FMLInjectionAndSortingTweaker
[00:30:14] [main/INFO] [LaunchWrapper/]: Calling tweak class cpw.mods.fml.common.launcher.FMLInjectionAndSortingTweaker
[00:30:14] [main/INFO] [LaunchWrapper/]: Calling tweak class cpw.mods.fml.relauncher.CoreModManager$FMLPluginWrapper
[00:30:14] [main/DEBUG] [FML/]: Injecting coremod FMLCorePlugin {cpw.mods.fml.relauncher.FMLCorePlugin} class transformers
[00:30:14] [main/TRACE] [FML/]: Registering transformer cpw.mods.fml.common.asm.transformers.MarkerTransformer
[00:30:14] [main/TRACE] [FML/]: Registering transformer cpw.mods.fml.common.asm.transformers.SideTransformer
[00:30:14] [main/TRACE] [FML/]: Registering transformer cpw.mods.fml.common.asm.transformers.EventSubscriptionTransformer
[00:30:14] [main/DEBUG] [FML/]: Injection complete
[00:30:14] [main/DEBUG] [FML/]: Running coremod plugin for FMLCorePlugin {cpw.mods.fml.relauncher.FMLCorePlugin}
[00:30:14] [main/DEBUG] [FML/]: Running coremod plugin FMLCorePlugin
[00:30:15] [main/ERROR] [FML/]: The binary patch set is missing. Either you are in a development environment, or things are not going to work!
[00:30:20] [main/ERROR] [FML/]: The minecraft jar file:/C:/Users/Exevan/.gradle/caches/minecraft/net/minecraftforge/forge/1.7.10-10.13.0.1180/forgeSrc-1.7.10-10.13.0.1180.jar!/net/minecraft/client/ClientBrandRetriever.class appears to be corrupt! There has been CRITICAL TAMPERING WITH MINECRAFT, it is highly unlikely minecraft will work! STOP NOW, get a clean copy and try again!
[00:30:20] [main/ERROR] [FML/]: FML has been ordered to ignore the invalid or missing minecraft certificate. This is very likely to cause a problem!
[00:30:20] [main/ERROR] [FML/]: Technical information: ClientBrandRetriever was at jar:file:/C:/Users/Exevan/.gradle/caches/minecraft/net/minecraftforge/forge/1.7.10-10.13.0.1180/forgeSrc-1.7.10-10.13.0.1180.jar!/net/minecraft/client/ClientBrandRetriever.class, there were 0 certificates for it
[00:30:20] [main/ERROR] [FML/]: FML appears to be missing any signature data. This is not a good thing
[00:30:20] [main/DEBUG] [FML/]: Coremod plugin class FMLCorePlugin run successfully
[00:30:20] [main/INFO] [LaunchWrapper/]: Calling tweak class cpw.mods.fml.relauncher.CoreModManager$FMLPluginWrapper
[00:30:20] [main/DEBUG] [FML/]: Injecting coremod FMLForgePlugin {net.minecraftforge.classloading.FMLForgePlugin} class transformers
[00:30:20] [main/DEBUG] [FML/]: Injection complete
[00:30:20] [main/DEBUG] [FML/]: Running coremod plugin for FMLForgePlugin {net.minecraftforge.classloading.FMLForgePlugin}
[00:30:20] [main/DEBUG] [FML/]: Running coremod plugin FMLForgePlugin
[00:30:20] [main/DEBUG] [FML/]: Coremod plugin class FMLForgePlugin run successfully
[00:30:20] [main/INFO] [LaunchWrapper/]: Calling tweak class cpw.mods.fml.common.launcher.FMLDeobfTweaker
[00:30:20] [main/DEBUG] [FML/]: Loaded 46 rules from AccessTransformer config file fml_at.cfg

[00:30:20] [main/DEBUG] [FML/]: Loaded 85 rules from AccessTransformer config file forge_at.cfg

[00:30:20] [main/DEBUG] [FML/]: Validating minecraft
[00:30:21] [main/DEBUG] [FML/]: Minecraft validated, launching...
[00:30:21] [main/INFO] [LaunchWrapper/]: Launching wrapped minecraft {net.minecraft.client.main.Main}
[00:30:22] [main/TRACE] [FML/]: Registry add: minecraft:air 0 net.minecraft.block.BlockAir@5ca21b7f (req. id 0)
[00:30:22] [main/TRACE] [FML/]: Registry add: minecraft:stone 1 net.minecraft.block.BlockStone@6c605f7b (req. id 1)
[00:30:22] [main/TRACE] [FML/]: Registry add: minecraft:grass 2 net.minecraft.block.BlockGrass@4a7036f3 (req. id 2)
[00:30:22] [main/TRACE] [FML/]: Registry add: minecraft:dirt 3 net.minecraft.block.BlockDirt@6e814ecf (req. id 3)
[00:30:22] [main/TRACE] [FML/]: Registry add: minecraft:cobblestone 4 net.minecraft.block.Block@6b5d30b6 (req. id 4)
[00:30:22] [main/TRACE] [FML/]: Registry add: minecraft:planks 5 net.minecraft.block.BlockWood@696eeb41 (req. id 5)
[00:30:22] [main/TRACE] [FML/]: Registry add: minecraft:sapling 6 net.minecraft.block.BlockSapling@220787d0 (req. id 6)
[00:30:22] [main/TRACE] [FML/]: Registry add: minecraft:bedrock 7 net.minecraft.block.Block@1c657a24 (req. id 7)
[00:30:22] [main/TRACE] [FML/]: Registry add: minecraft:flowing_water 8 net.minecraft.block.BlockDynamicLiquid@58430cb2 (req. id 8)
[00:30:22] [main/TRACE] [FML/]: Registry add: minecraft:water 9 net.minecraft.block.BlockStaticLiquid@65860b4b (req. id 9)
[00:30:22] [main/TRACE] [FML/]: Registry add: minecraft:flowing_lava 10 net.minecraft.block.BlockDynamicLiquid@434f9cff (req. id 10)
[00:30:22] [main/TRACE] [FML/]: Registry add: minecraft:lava 11 net.minecraft.block.BlockStaticLiquid@1fcc4bdf (req. id 11)
[00:30:22] [main/TRACE] [FML/]: Registry add: minecraft:sand 12 net.minecraft.block.BlockSand@123fd032 (req. id 12)
[00:30:22] [main/TRACE] [FML/]: Registry add: minecraft:gravel 13 net.minecraft.block.BlockGravel@9292ece (req. id 13)
[00:30:22] [main/TRACE] [FML/]: Registry add: minecraft:gold_ore 14 net.minecraft.block.BlockOre@512a15d6 (req. id 14)
[00:30:22] [main/TRACE] [FML/]: Registry add: minecraft:iron_ore 15 net.minecraft.block.BlockOre@21ffbe3b (req. id 15)
[00:30:22] [main/TRACE] [FML/]: Registry add: minecraft:coal_ore 16 net.minecraft.block.BlockOre@1d2224ed (req. id 16)
[00:30:22] [main/TRACE] [FML/]: Registry add: minecraft:log 17 net.minecraft.block.BlockOldLog@3321af33 (req. id 17)
[00:30:22] [main/TRACE] [FML/]: Registry add: minecraft:leaves 18 net.minecraft.block.BlockOldLeaf@3cbce6b6 (req. id 18)
[00:30:22] [main/TRACE] [FML/]: Registry add: minecraft:sponge 19 net.minecraft.block.BlockSponge@4fc51b89 (req. id 19)
[00:30:22] [main/TRACE] [FML/]: Registry add: minecraft:glass 20 net.minecraft.block.BlockGlass@21a77fe9 (req. id 20)
[00:30:22] [main/TRACE] [FML/]: Registry add: minecraft:lapis_ore 21 net.minecraft.block.BlockOre@7bbeab41 (req. id 21)
[00:30:22] [main/TRACE] [FML/]: Registry add: minecraft:lapis_block 22 net.minecraft.block.BlockCompressed@1d19f5bd (req. id 22)
[00:30:22] [main/TRACE] [FML/]: Registry add: minecraft:dispenser 23 net.minecraft.block.BlockDispenser@77ef46fb (req. id 23)
[00:30:22] [main/TRACE] [FML/]: Registry add: minecraft:sandstone 24 net.minecraft.block.BlockSandStone@84cf00a (req. id 24)
[00:30:22] [main/TRACE] [FML/]: Registry add: minecraft:noteblock 25 net.minecraft.block.BlockNote@5440ba4 (req. id 25)
[00:30:22] [main/TRACE] [FML/]: Registry add: minecraft:bed 26 net.minecraft.block.BlockBed@542a49a (req. id 26)
[00:30:22] [main/TRACE] [FML/]: Registry add: minecraft:golden_rail 27 net.minecraft.block.BlockRailPowered@33ed55b9 (req. id 27)
[00:30:22] [main/TRACE] [FML/]: Registry add: minecraft:detector_rail 28 net.minecraft.block.BlockRailDetector@76dab03c (req. id 28)
[00:30:22] [main/TRACE] [FML/]: Registry add: minecraft:sticky_piston 29 net.minecraft.block.BlockPistonBase@17b18d5e (req. id 29)
[00:30:22] [main/TRACE] [FML/]: Registry add: minecraft:web 30 net.minecraft.block.BlockWeb@722cc550 (req. id 30)
[00:30:22] [main/TRACE] [FML/]: Registry add: minecraft:tallgrass 31 net.minecraft.block.BlockTallGrass@594e41bf (req. id 31)
[00:30:22] [main/TRACE] [FML/]: Registry add: minecraft:deadbush 32 net.minecraft.block.BlockDeadBush@6b27e9e9 (req. id 32)
[00:30:22] [main/TRACE] [FML/]: Registry add: minecraft:piston 33 net.minecraft.block.BlockPistonBase@96df6f5 (req. id 33)
[00:30:22] [main/TRACE] [FML/]: Registry add: minecraft:piston_head 34 net.minecraft.block.BlockPistonExtension@127053a9 (req. id 34)
[00:30:22] [main/TRACE] [FML/]: Registry add: minecraft:wool 35 net.minecraft.block.BlockColored@69070ffc (req. id 35)
[00:30:22] [main/TRACE] [FML/]: Registry add: minecraft:piston_extension 36 net.minecraft.block.BlockPistonMoving@64fed7fa (req. id 36)
[00:30:22] [main/TRACE] [FML/]: Registry add: minecraft:yellow_flower 37 net.minecraft.block.BlockFlower@674612ad (req. id 37)
[00:30:22] [main/TRACE] [FML/]: Registry add: minecraft:red_flower 38 net.minecraft.block.BlockFlower@297450d3 (req. id 38)
[00:30:22] [main/TRACE] [FML/]: Registry add: minecraft:brown_mushroom 39 net.minecraft.block.BlockMushroom@5944a314 (req. id 39)
[00:30:22] [main/TRACE] [FML/]: Registry add: minecraft:red_mushroom 40 net.minecraft.block.BlockMushroom@292ea3d5 (req. id 40)
[00:30:22] [main/TRACE] [FML/]: Registry add: minecraft:gold_block 41 net.minecraft.block.BlockCompressed@35060a12 (req. id 41)
[00:30:22] [main/TRACE] [FML/]: Registry add: minecraft:iron_block 42 net.minecraft.block.BlockCompressed@1f7f3ef0 (req. id 42)
[00:30:22] [main/TRACE] [FML/]: Registry add: minecraft:double_stone_slab 43 net.minecraft.block.BlockStoneSlab@a7bc768 (req. id 43)
[00:30:22] [main/TRACE] [FML/]: Registry add: minecraft:stone_slab 44 net.minecraft.block.BlockStoneSlab@44608238 (req. id 44)
[00:30:22] [main/TRACE] [FML/]: Registry add: minecraft:brick_block 45 net.minecraft.block.Block@1c054d9a (req. id 45)
[00:30:22] [main/TRACE] [FML/]: Registry add: minecraft:tnt 46 net.minecraft.block.BlockTNT@1b1d11dc (req. id 46)
[00:30:22] [main/TRACE] [FML/]: Registry add: minecraft:bookshelf 47 net.minecraft.block.BlockBookshelf@301a3db (req. id 47)
[00:30:22] [main/TRACE] [FML/]: Registry add: minecraft:mossy_cobblestone 48 net.minecraft.block.Block@60ac8067 (req. id 48)
[00:30:23] [main/TRACE] [FML/]: Registry add: minecraft:obsidian 49 net.minecraft.block.BlockObsidian@3154c18c (req. id 49)
[00:30:23] [main/TRACE] [FML/]: Registry add: minecraft:torch 50 net.minecraft.block.BlockTorch@62c50d24 (req. id 50)
[00:30:23] [main/TRACE] [FML/]: Registry add: minecraft:fire 51 net.minecraft.block.BlockFire@76e1e924 (req. id 51)
[00:30:23] [main/TRACE] [FML/]: Registry add: minecraft:mob_spawner 52 net.minecraft.block.BlockMobSpawner@45c4f850 (req. id 52)
[00:30:23] [main/TRACE] [FML/]: Registry add: minecraft:oak_stairs 53 net.minecraft.block.BlockStairs@16708d23 (req. id 53)
[00:30:23] [main/TRACE] [FML/]: Registry add: minecraft:chest 54 net.minecraft.block.BlockChest@91c95c0 (req. id 54)
[00:30:23] [main/TRACE] [FML/]: Registry add: minecraft:redstone_wire 55 net.minecraft.block.BlockRedstoneWire@556667e6 (req. id 55)
[00:30:23] [main/TRACE] [FML/]: Registry add: minecraft:diamond_ore 56 net.minecraft.block.BlockOre@362f58d7 (req. id 56)
[00:30:23] [main/TRACE] [FML/]: Registry add: minecraft:diamond_block 57 net.minecraft.block.BlockCompressed@5e71a70b (req. id 57)
[00:30:23] [main/TRACE] [FML/]: Registry add: minecraft:crafting_table 58 net.minecraft.block.BlockWorkbench@271e1866 (req. id 58)
[00:30:23] [main/TRACE] [FML/]: Registry add: minecraft:wheat 59 net.minecraft.block.BlockCrops@71dd8d46 (req. id 59)
[00:30:23] [main/TRACE] [FML/]: Registry add: minecraft:farmland 60 net.minecraft.block.BlockFarmland@6614418b (req. id 60)
[00:30:23] [main/TRACE] [FML/]: Registry add: minecraft:furnace 61 net.minecraft.block.BlockFurnace@2e8f2669 (req. id 61)
[00:30:23] [main/TRACE] [FML/]: Registry add: minecraft:lit_furnace 62 net.minecraft.block.BlockFurnace@3822cf60 (req. id 62)
[00:30:23] [main/TRACE] [FML/]: Registry add: minecraft:standing_sign 63 net.minecraft.block.BlockSign@5956ca9f (req. id 63)
[00:30:23] [main/TRACE] [FML/]: Registry add: minecraft:wooden_door 64 net.minecraft.block.BlockDoor@59547ac9 (req. id 64)
[00:30:23] [main/TRACE] [FML/]: Registry add: minecraft:ladder 65 net.minecraft.block.BlockLadder@33208377 (req. id 65)
[00:30:23] [main/TRACE] [FML/]: Registry add: minecraft:rail 66 net.minecraft.block.BlockRail@1bdb2464 (req. id 66)
[00:30:23] [main/TRACE] [FML/]: Registry add: minecraft:stone_stairs 67 net.minecraft.block.BlockStairs@50322f85 (req. id 67)
[00:30:23] [main/TRACE] [FML/]: Registry add: minecraft:wall_sign 68 net.minecraft.block.BlockSign@ecdede5 (req. id 68)
[00:30:23] [main/TRACE] [FML/]: Registry add: minecraft:lever 69 net.minecraft.block.BlockLever@58eff866 (req. id 69)
[00:30:23] [main/TRACE] [FML/]: Registry add: minecraft:stone_pressure_plate 70 net.minecraft.block.BlockPressurePlate@4be0b391 (req. id 70)
[00:30:23] [main/TRACE] [FML/]: Registry add: minecraft:iron_door 71 net.minecraft.block.BlockDoor@d2d1b82 (req. id 71)
[00:30:23] [main/TRACE] [FML/]: Registry add: minecraft:wooden_pressure_plate 72 net.minecraft.block.BlockPressurePlate@c68fa90 (req. id 72)
[00:30:23] [main/TRACE] [FML/]: Registry add: minecraft:redstone_ore 73 net.minecraft.block.BlockRedstoneOre@2a28ff7 (req. id 73)
[00:30:23] [main/TRACE] [FML/]: Registry add: minecraft:lit_redstone_ore 74 net.minecraft.block.BlockRedstoneOre@7e99a27a (req. id 74)
[00:30:23] [main/TRACE] [FML/]: Registry add: minecraft:unlit_redstone_torch 75 net.minecraft.block.BlockRedstoneTorch@1ed569ee (req. id 75)
[00:30:23] [main/TRACE] [FML/]: Registry add: minecraft:redstone_torch 76 net.minecraft.block.BlockRedstoneTorch@4d1d9812 (req. id 76)
[00:30:23] [main/TRACE] [FML/]: Registry add: minecraft:stone_button 77 net.minecraft.block.BlockButtonStone@725212d6 (req. id 77)
[00:30:23] [main/TRACE] [FML/]: Registry add: minecraft:snow_layer 78 net.minecraft.block.BlockSnow@70cd7d24 (req. id 78)
[00:30:23] [main/TRACE] [FML/]: Registry add: minecraft:ice 79 net.minecraft.block.BlockIce@77ce1626 (req. id 79)
[00:30:23] [main/TRACE] [FML/]: Registry add: minecraft:snow 80 net.minecraft.block.BlockSnowBlock@3e8ca0d9 (req. id 80)
[00:30:23] [main/TRACE] [FML/]: Registry add: minecraft:cactus 81 net.minecraft.block.BlockCactus@6ece41ee (req. id 81)
[00:30:23] [main/TRACE] [FML/]: Registry add: minecraft:clay 82 net.minecraft.block.BlockClay@49761f9d (req. id 82)
[00:30:23] [main/TRACE] [FML/]: Registry add: minecraft:reeds 83 net.minecraft.block.BlockReed@35e69082 (req. id 83)
[00:30:23] [main/TRACE] [FML/]: Registry add: minecraft:jukebox 84 net.minecraft.block.BlockJukebox@73da4496 (req. id 84)
[00:30:23] [main/TRACE] [FML/]: Registry add: minecraft:fence 85 net.minecraft.block.BlockFence@2174f491 (req. id 85)
[00:30:23] [main/TRACE] [FML/]: Registry add: minecraft:pumpkin 86 net.minecraft.block.BlockPumpkin@54297d41 (req. id 86)
[00:30:23] [main/TRACE] [FML/]: Registry add: minecraft:netherrack 87 net.minecraft.block.BlockNetherrack@2b65642 (req. id 87)
[00:30:23] [main/TRACE] [FML/]: Registry add: minecraft:soul_sand 88 net.minecraft.block.BlockSoulSand@291c0de1 (req. id 88)
[00:30:23] [main/TRACE] [FML/]: Registry add: minecraft:glowstone 89 net.minecraft.block.BlockGlowstone@628016f7 (req. id 89)
[00:30:23] [main/TRACE] [FML/]: Registry add: minecraft:portal 90 net.minecraft.block.BlockPortal@56817382 (req. id 90)
[00:30:23] [main/TRACE] [FML/]: Registry add: minecraft:lit_pumpkin 91 net.minecraft.block.BlockPumpkin@4cc6882c (req. id 91)
[00:30:23] [main/TRACE] [FML/]: Registry add: minecraft:cake 92 net.minecraft.block.BlockCake@da984cf (req. id 92)
[00:30:23] [main/TRACE] [FML/]: Registry add: minecraft:unpowered_repeater 93 net.minecraft.block.BlockRedstoneRepeater@4c640782 (req. id 93)
[00:30:23] [main/TRACE] [FML/]: Registry add: minecraft:powered_repeater 94 net.minecraft.block.BlockRedstoneRepeater@3b290efc (req. id 94)
[00:30:23] [main/TRACE] [FML/]: Registry add: minecraft:stained_glass 95 net.minecraft.block.BlockStainedGlass@64516c52 (req. id 95)
[00:30:23] [main/TRACE] [FML/]: Registry add: minecraft:trapdoor 96 net.minecraft.block.BlockTrapDoor@142b4159 (req. id 96)
[00:30:23] [main/TRACE] [FML/]: Registry add: minecraft:monster_egg 97 net.minecraft.block.BlockSilverfish@3ba4c255 (req. id 97)
[00:30:23] [main/TRACE] [FML/]: Registry add: minecraft:stonebrick 98 net.minecraft.block.BlockStoneBrick@4c637448 (req. id 98)
[00:30:23] [main/TRACE] [FML/]: Registry add: minecraft:brown_mushroom_block 99 net.minecraft.block.BlockHugeMushroom@4a978b69 (req. id 99)
[00:30:23] [main/TRACE] [FML/]: Registry add: minecraft:red_mushroom_block 100 net.minecraft.block.BlockHugeMushroom@2341c0c1 (req. id 100)
[00:30:23] [main/TRACE] [FML/]: Registry add: minecraft:iron_bars 101 net.minecraft.block.BlockPane@21dd3180 (req. id 101)
[00:30:23] [main/TRACE] [FML/]: Registry add: minecraft:glass_pane 102 net.minecraft.block.BlockPane@40dcdbde (req. id 102)
[00:30:23] [main/TRACE] [FML/]: Registry add: minecraft:melon_block 103 net.minecraft.block.BlockMelon@c7b682f (req. id 103)
[00:30:23] [main/TRACE] [FML/]: Registry add: minecraft:pumpkin_stem 104 net.minecraft.block.BlockStem@19651826 (req. id 104)
[00:30:23] [main/TRACE] [FML/]: Registry add: minecraft:melon_stem 105 net.minecraft.block.BlockStem@3c1473d0 (req. id 105)
[00:30:23] [main/TRACE] [FML/]: Registry add: minecraft:vine 106 net.minecraft.block.BlockVine@191b7e0e (req. id 106)
[00:30:23] [main/TRACE] [FML/]: Registry add: minecraft:fence_gate 107 net.minecraft.block.BlockFenceGate@aaebbd2 (req. id 107)
[00:30:23] [main/TRACE] [FML/]: Registry add: minecraft:brick_stairs 108 net.minecraft.block.BlockStairs@55acdd78 (req. id 108)
[00:30:23] [main/TRACE] [FML/]: Registry add: minecraft:stone_brick_stairs 109 net.minecraft.block.BlockStairs@48001d39 (req. id 109)
[00:30:23] [main/TRACE] [FML/]: Registry add: minecraft:mycelium 110 net.minecraft.block.BlockMycelium@234e0be1 (req. id 110)
[00:30:23] [main/TRACE] [FML/]: Registry add: minecraft:waterlily 111 net.minecraft.block.BlockLilyPad@177f04d9 (req. id 111)
[00:30:23] [main/TRACE] [FML/]: Registry add: minecraft:nether_brick 112 net.minecraft.block.Block@14174e9c (req. id 112)
[00:30:23] [main/TRACE] [FML/]: Registry add: minecraft:nether_brick_fence 113 net.minecraft.block.BlockFence@629ee12 (req. id 113)
[00:30:23] [main/TRACE] [FML/]: Registry add: minecraft:nether_brick_stairs 114 net.minecraft.block.BlockStairs@2acce2e7 (req. id 114)
[00:30:23] [main/TRACE] [FML/]: Registry add: minecraft:nether_wart 115 net.minecraft.block.BlockNetherWart@5af47e8a (req. id 115)
[00:30:23] [main/TRACE] [FML/]: Registry add: minecraft:enchanting_table 116 net.minecraft.block.BlockEnchantmentTable@3dd60834 (req. id 116)
[00:30:23] [main/TRACE] [FML/]: Registry add: minecraft:brewing_stand 117 net.minecraft.block.BlockBrewingStand@35be0d77 (req. id 117)
[00:30:23] [main/TRACE] [FML/]: Registry add: minecraft:cauldron 118 net.minecraft.block.BlockCauldron@688fd06d (req. id 118)
[00:30:23] [main/TRACE] [FML/]: Registry add: minecraft:end_portal 119 net.minecraft.block.BlockEndPortal@544b0d4c (req. id 119)
[00:30:23] [main/TRACE] [FML/]: Registry add: minecraft:end_portal_frame 120 net.minecraft.block.BlockEndPortalFrame@72a20f51 (req. id 120)
[00:30:23] [main/TRACE] [FML/]: Registry add: minecraft:end_stone 121 net.minecraft.block.Block@6d9bc9a2 (req. id 121)
[00:30:23] [main/TRACE] [FML/]: Registry add: minecraft:dragon_egg 122 net.minecraft.block.BlockDragonEgg@57447eb4 (req. id 122)
[00:30:23] [main/TRACE] [FML/]: Registry add: minecraft:redstone_lamp 123 net.minecraft.block.BlockRedstoneLight@6254067e (req. id 123)
[00:30:23] [main/TRACE] [FML/]: Registry add: minecraft:lit_redstone_lamp 124 net.minecraft.block.BlockRedstoneLight@7a766ca0 (req. id 124)
[00:30:23] [main/TRACE] [FML/]: Registry add: minecraft:double_wooden_slab 125 net.minecraft.block.BlockWoodSlab@7a0008e5 (req. id 125)
[00:30:23] [main/TRACE] [FML/]: Registry add: minecraft:wooden_slab 126 net.minecraft.block.BlockWoodSlab@184830f6 (req. id 126)
[00:30:23] [main/TRACE] [FML/]: Registry add: minecraft:cocoa 127 net.minecraft.block.BlockCocoa@323c9353 (req. id 127)
[00:30:23] [main/TRACE] [FML/]: Registry add: minecraft:sandstone_stairs 128 net.minecraft.block.BlockStairs@26ec47e9 (req. id 128)
[00:30:23] [main/TRACE] [FML/]: Registry add: minecraft:emerald_ore 129 net.minecraft.block.BlockOre@626525f5 (req. id 129)
[00:30:23] [main/TRACE] [FML/]: Registry add: minecraft:ender_chest 130 net.minecraft.block.BlockEnderChest@7a0c1f5f (req. id 130)
[00:30:23] [main/TRACE] [FML/]: Registry add: minecraft:tripwire_hook 131 net.minecraft.block.BlockTripWireHook@6bc31e6d (req. id 131)
[00:30:23] [main/TRACE] [FML/]: Registry add: minecraft:tripwire 132 net.minecraft.block.BlockTripWire@2c2dfeb3 (req. id 132)
[00:30:23] [main/TRACE] [FML/]: Registry add: minecraft:emerald_block 133 net.minecraft.block.BlockCompressed@7facb06d (req. id 133)
[00:30:23] [main/TRACE] [FML/]: Registry add: minecraft:spruce_stairs 134 net.minecraft.block.BlockStairs@22730597 (req. id 134)
[00:30:23] [main/TRACE] [FML/]: Registry add: minecraft:birch_stairs 135 net.minecraft.block.BlockStairs@2d740e2c (req. id 135)
[00:30:23] [main/TRACE] [FML/]: Registry add: minecraft:jungle_stairs 136 net.minecraft.block.BlockStairs@1e4e8204 (req. id 136)
[00:30:23] [main/TRACE] [FML/]: Registry add: minecraft:command_block 137 net.minecraft.block.BlockCommandBlock@777da320 (req. id 137)
[00:30:23] [main/TRACE] [FML/]: Registry add: minecraft:beacon 138 net.minecraft.block.BlockBeacon@42c75c22 (req. id 138)
[00:30:23] [main/TRACE] [FML/]: Registry add: minecraft:cobblestone_wall 139 net.minecraft.block.BlockWall@4d586d6a (req. id 139)
[00:30:23] [main/TRACE] [FML/]: Registry add: minecraft:flower_pot 140 net.minecraft.block.BlockFlowerPot@2484aa43 (req. id 140)
[00:30:23] [main/TRACE] [FML/]: Registry add: minecraft:carrots 141 net.minecraft.block.BlockCarrot@4e56c411 (req. id 141)
[00:30:23] [main/TRACE] [FML/]: Registry add: minecraft:potatoes 142 net.minecraft.block.BlockPotato@155e9af2 (req. id 142)
[00:30:23] [main/TRACE] [FML/]: Registry add: minecraft:wooden_button 143 net.minecraft.block.BlockButtonWood@358054fe (req. id 143)
[00:30:23] [main/TRACE] [FML/]: Registry add: minecraft:skull 144 net.minecraft.block.BlockSkull@7e90b96e (req. id 144)
[00:30:23] [main/TRACE] [FML/]: Registry add: minecraft:anvil 145 net.minecraft.block.BlockAnvil@2ff2ab91 (req. id 145)
[00:30:23] [main/TRACE] [FML/]: Registry add: minecraft:trapped_chest 146 net.minecraft.block.BlockChest@64ddd52e (req. id 146)
[00:30:23] [main/TRACE] [FML/]: Registry add: minecraft:light_weighted_pressure_plate 147 net.minecraft.block.BlockPressurePlateWeighted@60ec9d4b (req. id 147)
[00:30:23] [main/TRACE] [FML/]: Registry add: minecraft:heavy_weighted_pressure_plate 148 net.minecraft.block.BlockPressurePlateWeighted@4e4ad8a3 (req. id 148)
[00:30:23] [main/TRACE] [FML/]: Registry add: minecraft:unpowered_comparator 149 net.minecraft.block.BlockRedstoneComparator@6d6d2bc1 (req. id 149)
[00:30:23] [main/TRACE] [FML/]: Registry add: minecraft:powered_comparator 150 net.minecraft.block.BlockRedstoneComparator@1a53c407 (req. id 150)
[00:30:23] [main/TRACE] [FML/]: Registry add: minecraft:daylight_detector 151 net.minecraft.block.BlockDaylightDetector@5daadadc (req. id 151)
[00:30:23] [main/TRACE] [FML/]: Registry add: minecraft:redstone_block 152 net.minecraft.block.BlockCompressedPowered@5f99484f (req. id 152)
[00:30:23] [main/TRACE] [FML/]: Registry add: minecraft:quartz_ore 153 net.minecraft.block.BlockOre@485a6b91 (req. id 153)
[00:30:23] [main/TRACE] [FML/]: Registry add: minecraft:hopper 154 net.minecraft.block.BlockHopper@de4383a (req. id 154)
[00:30:23] [main/TRACE] [FML/]: Registry add: minecraft:quartz_block 155 net.minecraft.block.BlockQuartz@4a97779c (req. id 155)
[00:30:23] [main/TRACE] [FML/]: Registry add: minecraft:quartz_stairs 156 net.minecraft.block.BlockStairs@1e2dc906 (req. id 156)
[00:30:23] [main/TRACE] [FML/]: Registry add: minecraft:activator_rail 157 net.minecraft.block.BlockRailPowered@4fe8b864 (req. id 157)
[00:30:23] [main/TRACE] [FML/]: Registry add: minecraft:dropper 158 net.minecraft.block.BlockDropper@50ad643f (req. id 158)
[00:30:23] [main/TRACE] [FML/]: Registry add: minecraft:stained_hardened_clay 159 net.minecraft.block.BlockColored@27908d7a (req. id 159)
[00:30:23] [main/TRACE] [FML/]: Registry add: minecraft:stained_glass_pane 160 net.minecraft.block.BlockStainedGlassPane@57326ca3 (req. id 160)
[00:30:23] [main/TRACE] [FML/]: Registry add: minecraft:leaves2 161 net.minecraft.block.BlockNewLeaf@78e30860 (req. id 161)
[00:30:23] [main/TRACE] [FML/]: Registry add: minecraft:log2 162 net.minecraft.block.BlockNewLog@5dc4352a (req. id 162)
[00:30:23] [main/TRACE] [FML/]: Registry add: minecraft:acacia_stairs 163 net.minecraft.block.BlockStairs@7c7e887d (req. id 163)
[00:30:23] [main/TRACE] [FML/]: Registry add: minecraft:dark_oak_stairs 164 net.minecraft.block.BlockStairs@57330665 (req. id 164)
[00:30:23] [main/TRACE] [FML/]: Registry add: minecraft:hay_block 170 net.minecraft.block.BlockHay@62ac98d2 (req. id 170)
[00:30:23] [main/TRACE] [FML/]: Registry add: minecraft:carpet 171 net.minecraft.block.BlockCarpet@71bdf4d (req. id 171)
[00:30:23] [main/TRACE] [FML/]: Registry add: minecraft:hardened_clay 172 net.minecraft.block.BlockHardenedClay@2037bc75 (req. id 172)
[00:30:23] [main/TRACE] [FML/]: Registry add: minecraft:coal_block 173 net.minecraft.block.Block@2b35b5d9 (req. id 173)
[00:30:23] [main/TRACE] [FML/]: Registry add: minecraft:packed_ice 174 net.minecraft.block.BlockPackedIce@657531ef (req. id 174)
[00:30:23] [main/TRACE] [FML/]: Registry add: minecraft:double_plant 175 net.minecraft.block.BlockDoublePlant@712175f2 (req. id 175)
[00:30:23] [main/TRACE] [FML/]: Registry add: minecraft:iron_shovel 256 net.minecraft.item.ItemSpade@507d1b2 (req. id 256)
[00:30:23] [main/TRACE] [FML/]: Registry add: minecraft:iron_pickaxe 257 net.minecraft.item.ItemPickaxe@4457ffb2 (req. id 257)
[00:30:23] [main/TRACE] [FML/]: Registry add: minecraft:iron_axe 258 net.minecraft.item.ItemAxe@6d54222b (req. id 258)
[00:30:23] [main/TRACE] [FML/]: Registry add: minecraft:flint_and_steel 259 net.minecraft.item.ItemFlintAndSteel@3b5c91ad (req. id 259)
[00:30:23] [main/TRACE] [FML/]: Registry add: minecraft:apple 260 net.minecraft.item.ItemFood@46bb8589 (req. id 260)
[00:30:23] [main/TRACE] [FML/]: Registry add: minecraft:bow 261 net.minecraft.item.ItemBow@25e1e5e3 (req. id 261)
[00:30:23] [main/TRACE] [FML/]: Registry add: minecraft:arrow 262 net.minecraft.item.Item@11bbad83 (req. id 262)
[00:30:23] [main/TRACE] [FML/]: Registry add: minecraft:coal 263 net.minecraft.item.ItemCoal@7983c799 (req. id 263)
[00:30:23] [main/TRACE] [FML/]: Registry add: minecraft:diamond 264 net.minecraft.item.Item@3aa54c22 (req. id 264)
[00:30:23] [main/TRACE] [FML/]: Registry add: minecraft:iron_ingot 265 net.minecraft.item.Item@3a296a42 (req. id 265)
[00:30:23] [main/TRACE] [FML/]: Registry add: minecraft:gold_ingot 266 net.minecraft.item.Item@74ff30e2 (req. id 266)
[00:30:23] [main/TRACE] [FML/]: Registry add: minecraft:iron_sword 267 net.minecraft.item.ItemSword@79a86651 (req. id 267)
[00:30:23] [main/TRACE] [FML/]: Registry add: minecraft:wooden_sword 268 net.minecraft.item.ItemSword@1ed58e3d (req. id 268)
[00:30:23] [main/TRACE] [FML/]: Registry add: minecraft:wooden_shovel 269 net.minecraft.item.ItemSpade@566d569b (req. id 269)
[00:30:23] [main/TRACE] [FML/]: Registry add: minecraft:wooden_pickaxe 270 net.minecraft.item.ItemPickaxe@24510671 (req. id 270)
[00:30:23] [main/TRACE] [FML/]: Registry add: minecraft:wooden_axe 271 net.minecraft.item.ItemAxe@437df757 (req. id 271)
[00:30:23] [main/TRACE] [FML/]: Registry add: minecraft:stone_sword 272 net.minecraft.item.ItemSword@2f9935f (req. id 272)
[00:30:23] [main/TRACE] [FML/]: Registry add: minecraft:stone_shovel 273 net.minecraft.item.ItemSpade@4f3a437f (req. id 273)
[00:30:23] [main/TRACE] [FML/]: Registry add: minecraft:stone_pickaxe 274 net.minecraft.item.ItemPickaxe@7a256f7b (req. id 274)
[00:30:23] [main/TRACE] [FML/]: Registry add: minecraft:stone_axe 275 net.minecraft.item.ItemAxe@2fba32e3 (req. id 275)
[00:30:23] [main/TRACE] [FML/]: Registry add: minecraft:diamond_sword 276 net.minecraft.item.ItemSword@6962ed8f (req. id 276)
[00:30:23] [main/TRACE] [FML/]: Registry add: minecraft:diamond_shovel 277 net.minecraft.item.ItemSpade@5dda7d56 (req. id 277)
[00:30:23] [main/TRACE] [FML/]: Registry add: minecraft:diamond_pickaxe 278 net.minecraft.item.ItemPickaxe@335ac93d (req. id 278)
[00:30:23] [main/TRACE] [FML/]: Registry add: minecraft:diamond_axe 279 net.minecraft.item.ItemAxe@d51de22 (req. id 279)
[00:30:23] [main/TRACE] [FML/]: Registry add: minecraft:stick 280 net.minecraft.item.Item@79ce9102 (req. id 280)
[00:30:23] [main/TRACE] [FML/]: Registry add: minecraft:bowl 281 net.minecraft.item.Item@689258c7 (req. id 281)
[00:30:23] [main/TRACE] [FML/]: Registry add: minecraft:mushroom_stew 282 net.minecraft.item.ItemSoup@71538614 (req. id 282)
[00:30:23] [main/TRACE] [FML/]: Registry add: minecraft:golden_sword 283 net.minecraft.item.ItemSword@2287c52c (req. id 283)
[00:30:23] [main/TRACE] [FML/]: Registry add: minecraft:golden_shovel 284 net.minecraft.item.ItemSpade@7fa1dd69 (req. id 284)
[00:30:23] [main/TRACE] [FML/]: Registry add: minecraft:golden_pickaxe 285 net.minecraft.item.ItemPickaxe@5bcf59f5 (req. id 285)
[00:30:23] [main/TRACE] [FML/]: Registry add: minecraft:golden_axe 286 net.minecraft.item.ItemAxe@a1b12ea (req. id 286)
[00:30:23] [main/TRACE] [FML/]: Registry add: minecraft:string 287 net.minecraft.item.ItemReed@348a4d14 (req. id 287)
[00:30:23] [main/TRACE] [FML/]: Registry add: minecraft:feather 288 net.minecraft.item.Item@63ca76fe (req. id 288)
[00:30:23] [main/TRACE] [FML/]: Registry add: minecraft:gunpowder 289 net.minecraft.item.Item@238a5bb6 (req. id 289)
[00:30:23] [main/TRACE] [FML/]: Registry add: minecraft:wooden_hoe 290 net.minecraft.item.ItemHoe@22a41ee1 (req. id 290)
[00:30:23] [main/TRACE] [FML/]: Registry add: minecraft:stone_hoe 291 net.minecraft.item.ItemHoe@44e7578b (req. id 291)
[00:30:23] [main/TRACE] [FML/]: Registry add: minecraft:iron_hoe 292 net.minecraft.item.ItemHoe@30248a04 (req. id 292)
[00:30:23] [main/TRACE] [FML/]: Registry add: minecraft:diamond_hoe 293 net.minecraft.item.ItemHoe@2ee1254d (req. id 293)
[00:30:23] [main/TRACE] [FML/]: Registry add: minecraft:golden_hoe 294 net.minecraft.item.ItemHoe@3f57fa46 (req. id 294)
[00:30:23] [main/TRACE] [FML/]: Registry add: minecraft:wheat_seeds 295 net.minecraft.item.ItemSeeds@59250601 (req. id 295)
[00:30:23] [main/TRACE] [FML/]: Registry add: minecraft:wheat 296 net.minecraft.item.Item@dad5960 (req. id 296)
[00:30:23] [main/TRACE] [FML/]: Registry add: minecraft:bread 297 net.minecraft.item.ItemFood@6fc6b4a3 (req. id 297)
[00:30:23] [main/TRACE] [FML/]: Registry add: minecraft:leather_helmet 298 net.minecraft.item.ItemArmor@53d879e9 (req. id 298)
[00:30:23] [main/TRACE] [FML/]: Registry add: minecraft:leather_chestplate 299 net.minecraft.item.ItemArmor@292bdb00 (req. id 299)
[00:30:23] [main/TRACE] [FML/]: Registry add: minecraft:leather_leggings 300 net.minecraft.item.ItemArmor@7e36f21d (req. id 300)
[00:30:23] [main/TRACE] [FML/]: Registry add: minecraft:leather_boots 301 net.minecraft.item.ItemArmor@49518ea7 (req. id 301)
[00:30:23] [main/TRACE] [FML/]: Registry add: minecraft:chainmail_helmet 302 net.minecraft.item.ItemArmor@96c9b8c (req. id 302)
[00:30:23] [main/TRACE] [FML/]: Registry add: minecraft:chainmail_chestplate 303 net.minecraft.item.ItemArmor@39580929 (req. id 303)
[00:30:23] [main/TRACE] [FML/]: Registry add: minecraft:chainmail_leggings 304 net.minecraft.item.ItemArmor@42c18028 (req. id 304)
[00:30:23] [main/TRACE] [FML/]: Registry add: minecraft:chainmail_boots 305 net.minecraft.item.ItemArmor@2dc4e455 (req. id 305)
[00:30:23] [main/TRACE] [FML/]: Registry add: minecraft:iron_helmet 306 net.minecraft.item.ItemArmor@596a9fec (req. id 306)
[00:30:23] [main/TRACE] [FML/]: Registry add: minecraft:iron_chestplate 307 net.minecraft.item.ItemArmor@67296cd0 (req. id 307)
[00:30:23] [main/TRACE] [FML/]: Registry add: minecraft:iron_leggings 308 net.minecraft.item.ItemArmor@50a70099 (req. id 308)
[00:30:23] [main/TRACE] [FML/]: Registry add: minecraft:iron_boots 309 net.minecraft.item.ItemArmor@418662d (req. id 309)
[00:30:23] [main/TRACE] [FML/]: Registry add: minecraft:diamond_helmet 310 net.minecraft.item.ItemArmor@5ddc1674 (req. id 310)
[00:30:23] [main/TRACE] [FML/]: Registry add: minecraft:diamond_chestplate 311 net.minecraft.item.ItemArmor@1c4649d0 (req. id 311)
[00:30:23] [main/TRACE] [FML/]: Registry add: minecraft:diamond_leggings 312 net.minecraft.item.ItemArmor@4a980530 (req. id 312)
[00:30:23] [main/TRACE] [FML/]: Registry add: minecraft:diamond_boots 313 net.minecraft.item.ItemArmor@427cb892 (req. id 313)
[00:30:23] [main/TRACE] [FML/]: Registry add: minecraft:golden_helmet 314 net.minecraft.item.ItemArmor@a399b58 (req. id 314)
[00:30:23] [main/TRACE] [FML/]: Registry add: minecraft:golden_chestplate 315 net.minecraft.item.ItemArmor@4c05b3a6 (req. id 315)
[00:30:23] [main/TRACE] [FML/]: Registry add: minecraft:golden_leggings 316 net.minecraft.item.ItemArmor@a557e48 (req. id 316)
[00:30:23] [main/TRACE] [FML/]: Registry add: minecraft:golden_boots 317 net.minecraft.item.ItemArmor@72d5ae44 (req. id 317)
[00:30:23] [main/TRACE] [FML/]: Registry add: minecraft:flint 318 net.minecraft.item.Item@2aa42d42 (req. id 318)
[00:30:23] [main/TRACE] [FML/]: Registry add: minecraft:porkchop 319 net.minecraft.item.ItemFood@975ded (req. id 319)
[00:30:23] [main/TRACE] [FML/]: Registry add: minecraft:cooked_porkchop 320 net.minecraft.item.ItemFood@519772e8 (req. id 320)
[00:30:23] [main/TRACE] [FML/]: Registry add: minecraft:painting 321 net.minecraft.item.ItemHangingEntity@27a71821 (req. id 321)
[00:30:23] [main/TRACE] [FML/]: Registry add: minecraft:golden_apple 322 net.minecraft.item.ItemAppleGold@3494e2d2 (req. id 322)
[00:30:23] [main/TRACE] [FML/]: Registry add: minecraft:sign 323 net.minecraft.item.ItemSign@7d3e8d39 (req. id 323)
[00:30:23] [main/TRACE] [FML/]: Registry add: minecraft:wooden_door 324 net.minecraft.item.ItemDoor@6ac72423 (req. id 324)
[00:30:23] [main/TRACE] [FML/]: Registry add: minecraft:bucket 325 net.minecraft.item.ItemBucket@5eaa596d (req. id 325)
[00:30:23] [main/TRACE] [FML/]: Registry add: minecraft:water_bucket 326 net.minecraft.item.ItemBucket@1d533a9 (req. id 326)
[00:30:23] [main/TRACE] [FML/]: Registry add: minecraft:lava_bucket 327 net.minecraft.item.ItemBucket@54329d2f (req. id 327)
[00:30:23] [main/TRACE] [FML/]: Registry add: minecraft:minecart 328 net.minecraft.item.ItemMinecart@3f965e77 (req. id 328)
[00:30:23] [main/TRACE] [FML/]: Registry add: minecraft:saddle 329 net.minecraft.item.ItemSaddle@4721ee77 (req. id 329)
[00:30:23] [main/TRACE] [FML/]: Registry add: minecraft:iron_door 330 net.minecraft.item.ItemDoor@4aeeb1d (req. id 330)
[00:30:23] [main/TRACE] [FML/]: Registry add: minecraft:redstone 331 net.minecraft.item.ItemRedstone@3fc9dd8c (req. id 331)
[00:30:23] [main/TRACE] [FML/]: Registry add: minecraft:snowball 332 net.minecraft.item.ItemSnowball@5a3581a (req. id 332)
[00:30:23] [main/TRACE] [FML/]: Registry add: minecraft:boat 333 net.minecraft.item.ItemBoat@650cc20b (req. id 333)
[00:30:23] [main/TRACE] [FML/]: Registry add: minecraft:leather 334 net.minecraft.item.Item@28979401 (req. id 334)
[00:30:23] [main/TRACE] [FML/]: Registry add: minecraft:milk_bucket 335 net.minecraft.item.ItemBucketMilk@3feb4d00 (req. id 335)
[00:30:23] [main/TRACE] [FML/]: Registry add: minecraft:brick 336 net.minecraft.item.Item@710c5bc8 (req. id 336)
[00:30:23] [main/TRACE] [FML/]: Registry add: minecraft:clay_ball 337 net.minecraft.item.Item@625de173 (req. id 337)
[00:30:23] [main/TRACE] [FML/]: Registry add: minecraft:reeds 338 net.minecraft.item.ItemReed@17c7779 (req. id 338)
[00:30:23] [main/TRACE] [FML/]: Registry add: minecraft:paper 339 net.minecraft.item.Item@1287a9b2 (req. id 339)
[00:30:23] [main/TRACE] [FML/]: Registry add: minecraft:book 340 net.minecraft.item.ItemBook@5ff1141e (req. id 340)
[00:30:23] [main/TRACE] [FML/]: Registry add: minecraft:slime_ball 341 net.minecraft.item.Item@4c5feec7 (req. id 341)
[00:30:23] [main/TRACE] [FML/]: Registry add: minecraft:chest_minecart 342 net.minecraft.item.ItemMinecart@2e3571fd (req. id 342)
[00:30:23] [main/TRACE] [FML/]: Registry add: minecraft:furnace_minecart 343 net.minecraft.item.ItemMinecart@36ceb0be (req. id 343)
[00:30:23] [main/TRACE] [FML/]: Registry add: minecraft:egg 344 net.minecraft.item.ItemEgg@62cf484e (req. id 344)
[00:30:23] [main/TRACE] [FML/]: Registry add: minecraft:compass 345 net.minecraft.item.Item@16942b90 (req. id 345)
[00:30:23] [main/TRACE] [FML/]: Registry add: minecraft:fishing_rod 346 net.minecraft.item.ItemFishingRod@5dd1bc1f (req. id 346)
[00:30:23] [main/TRACE] [FML/]: Registry add: minecraft:clock 347 net.minecraft.item.Item@7495c757 (req. id 347)
[00:30:23] [main/TRACE] [FML/]: Registry add: minecraft:glowstone_dust 348 net.minecraft.item.Item@15525c8d (req. id 348)
[00:30:23] [main/TRACE] [FML/]: Registry add: minecraft:fish 349 net.minecraft.item.ItemFishFood@3386b634 (req. id 349)
[00:30:23] [main/TRACE] [FML/]: Registry add: minecraft:cooked_fished 350 net.minecraft.item.ItemFishFood@51242a59 (req. id 350)
[00:30:23] [main/TRACE] [FML/]: Registry add: minecraft:dye 351 net.minecraft.item.ItemDye@25eb91c6 (req. id 351)
[00:30:23] [main/TRACE] [FML/]: Registry add: minecraft:bone 352 net.minecraft.item.Item@caf719d (req. id 352)
[00:30:23] [main/TRACE] [FML/]: Registry add: minecraft:sugar 353 net.minecraft.item.Item@524c00ec (req. id 353)
[00:30:23] [main/TRACE] [FML/]: Registry add: minecraft:cake 354 net.minecraft.item.ItemReed@7bd0b029 (req. id 354)
[00:30:23] [main/TRACE] [FML/]: Registry add: minecraft:bed 355 net.minecraft.item.ItemBed@5dfafd0f (req. id 355)
[00:30:23] [main/TRACE] [FML/]: Registry add: minecraft:repeater 356 net.minecraft.item.ItemReed@8fc13fd (req. id 356)
[00:30:23] [main/TRACE] [FML/]: Registry add: minecraft:cookie 357 net.minecraft.item.ItemFood@5d844ba6 (req. id 357)
[00:30:23] [main/TRACE] [FML/]: Registry add: minecraft:filled_map 358 net.minecraft.item.ItemMap@4cc98ecb (req. id 358)
[00:30:23] [main/TRACE] [FML/]: Registry add: minecraft:shears 359 net.minecraft.item.ItemShears@ad1f311 (req. id 359)
[00:30:23] [main/TRACE] [FML/]: Registry add: minecraft:melon 360 net.minecraft.item.ItemFood@5dace6a3 (req. id 360)
[00:30:23] [main/TRACE] [FML/]: Registry add: minecraft:pumpkin_seeds 361 net.minecraft.item.ItemSeeds@25a0761 (req. id 361)
[00:30:23] [main/TRACE] [FML/]: Registry add: minecraft:melon_seeds 362 net.minecraft.item.ItemSeeds@649a727b (req. id 362)
[00:30:23] [main/TRACE] [FML/]: Registry add: minecraft:beef 363 net.minecraft.item.ItemFood@57d21cd6 (req. id 363)
[00:30:23] [main/TRACE] [FML/]: Registry add: minecraft:cooked_beef 364 net.minecraft.item.ItemFood@236352a5 (req. id 364)
[00:30:23] [main/TRACE] [FML/]: Registry add: minecraft:chicken 365 net.minecraft.item.ItemFood@4dc6e0c9 (req. id 365)
[00:30:23] [main/TRACE] [FML/]: Registry add: minecraft:cooked_chicken 366 net.minecraft.item.ItemFood@3bcfd403 (req. id 366)
[00:30:23] [main/TRACE] [FML/]: Registry add: minecraft:rotten_flesh 367 net.minecraft.item.ItemFood@49682fa2 (req. id 367)
[00:30:23] [main/TRACE] [FML/]: Registry add: minecraft:ender_pearl 368 net.minecraft.item.ItemEnderPearl@4ee5259d (req. id 368)
[00:30:23] [main/TRACE] [FML/]: Registry add: minecraft:blaze_rod 369 net.minecraft.item.Item@26088ee2 (req. id 369)
[00:30:23] [main/TRACE] [FML/]: Registry add: minecraft:ghast_tear 370 net.minecraft.item.Item@7bdcaaef (req. id 370)
[00:30:23] [main/TRACE] [FML/]: Registry add: minecraft:gold_nugget 371 net.minecraft.item.Item@545a7070 (req. id 371)
[00:30:23] [main/TRACE] [FML/]: Registry add: minecraft:nether_wart 372 net.minecraft.item.ItemSeeds@7d8bf453 (req. id 372)
[00:30:23] [main/TRACE] [FML/]: Registry add: minecraft:potion 373 net.minecraft.item.ItemPotion@317e1d1e (req. id 373)
[00:30:23] [main/TRACE] [FML/]: Registry add: minecraft:glass_bottle 374 net.minecraft.item.ItemGlassBottle@7e7944d5 (req. id 374)
[00:30:23] [main/TRACE] [FML/]: Registry add: minecraft:spider_eye 375 net.minecraft.item.ItemFood@4b963cd1 (req. id 375)
[00:30:23] [main/TRACE] [FML/]: Registry add: minecraft:fermented_spider_eye 376 net.minecraft.item.Item@7472e41b (req. id 376)
[00:30:23] [main/TRACE] [FML/]: Registry add: minecraft:blaze_powder 377 net.minecraft.item.Item@22dde457 (req. id 377)
[00:30:23] [main/TRACE] [FML/]: Registry add: minecraft:magma_cream 378 net.minecraft.item.Item@15ba1da3 (req. id 378)
[00:30:23] [main/TRACE] [FML/]: Registry add: minecraft:brewing_stand 379 net.minecraft.item.ItemReed@6defc379 (req. id 379)
[00:30:23] [main/TRACE] [FML/]: Registry add: minecraft:cauldron 380 net.minecraft.item.ItemReed@180a7552 (req. id 380)
[00:30:23] [main/TRACE] [FML/]: Registry add: minecraft:ender_eye 381 net.minecraft.item.ItemEnderEye@30bfe0e4 (req. id 381)
[00:30:23] [main/TRACE] [FML/]: Registry add: minecraft:speckled_melon 382 net.minecraft.item.Item@545b1bd (req. id 382)
[00:30:23] [main/TRACE] [FML/]: Registry add: minecraft:spawn_egg 383 net.minecraft.item.ItemMonsterPlacer@639f122d (req. id 383)
[00:30:23] [main/TRACE] [FML/]: Registry add: minecraft:experience_bottle 384 net.minecraft.item.ItemExpBottle@4dbf98eb (req. id 384)
[00:30:23] [main/TRACE] [FML/]: Registry add: minecraft:fire_charge 385 net.minecraft.item.ItemFireball@62babbb2 (req. id 385)
[00:30:23] [main/TRACE] [FML/]: Registry add: minecraft:writable_book 386 net.minecraft.item.ItemWritableBook@7569599b (req. id 386)
[00:30:23] [main/TRACE] [FML/]: Registry add: minecraft:written_book 387 net.minecraft.item.ItemEditableBook@4f1a4a69 (req. id 387)
[00:30:23] [main/TRACE] [FML/]: Registry add: minecraft:emerald 388 net.minecraft.item.Item@470b5c11 (req. id 388)
[00:30:23] [main/TRACE] [FML/]: Registry add: minecraft:item_frame 389 net.minecraft.item.ItemHangingEntity@3ac98487 (req. id 389)
[00:30:23] [main/TRACE] [FML/]: Registry add: minecraft:flower_pot 390 net.minecraft.item.ItemReed@41bd938 (req. id 390)
[00:30:23] [main/TRACE] [FML/]: Registry add: minecraft:carrot 391 net.minecraft.item.ItemSeedFood@5142c756 (req. id 391)
[00:30:23] [main/TRACE] [FML/]: Registry add: minecraft:potato 392 net.minecraft.item.ItemSeedFood@772d08c7 (req. id 392)
[00:30:23] [main/TRACE] [FML/]: Registry add: minecraft:baked_potato 393 net.minecraft.item.ItemFood@2d9b7df1 (req. id 393)
[00:30:23] [main/TRACE] [FML/]: Registry add: minecraft:poisonous_potato 394 net.minecraft.item.ItemFood@3b69709b (req. id 394)
[00:30:23] [main/TRACE] [FML/]: Registry add: minecraft:map 395 net.minecraft.item.ItemEmptyMap@753f827a (req. id 395)
[00:30:23] [main/TRACE] [FML/]: Registry add: minecraft:golden_carrot 396 net.minecraft.item.ItemFood@1c8f53b9 (req. id 396)
[00:30:23] [main/TRACE] [FML/]: Registry add: minecraft:skull 397 net.minecraft.item.ItemSkull@a2ff0ee (req. id 397)
[00:30:23] [main/TRACE] [FML/]: Registry add: minecraft:carrot_on_a_stick 398 net.minecraft.item.ItemCarrotOnAStick@542ccf57 (req. id 398)
[00:30:23] [main/TRACE] [FML/]: Registry add: minecraft:nether_star 399 net.minecraft.item.ItemSimpleFoiled@7b79f4cf (req. id 399)
[00:30:23] [main/TRACE] [FML/]: Registry add: minecraft:pumpkin_pie 400 net.minecraft.item.ItemFood@3b7815e (req. id 400)
[00:30:23] [main/TRACE] [FML/]: Registry add: minecraft:fireworks 401 net.minecraft.item.ItemFirework@1ba4ad63 (req. id 401)
